<?xml version="1.0" encoding="UTF-8"?>
<!-- Generated by org.testng.reporters.JUnitReportReporter -->
<testsuite hostname="DESKTOP-5KEI47M" failures="0" tests="8" name="Tests.LoginTest" time="8.624" errors="0" timestamp="2023-11-24T19:58:43 EET" skipped="0">
  <testcase classname="Tests.LoginTest" name="loginTest" time="0.398"/>
  <system-out/>
  <testcase classname="Tests.LoginTest" name="loginTest" time="0.603"/>
  <system-out/>
  <testcase classname="Tests.LoginTest" name="loginTest" time="0.412"/>
  <system-out/>
  <testcase classname="Tests.LoginTest" name="loginTest" time="0.371"/>
  <system-out/>
  <testcase classname="Tests.LoginTest" name="loginTest" time="0.598"/>
  <system-out/>
  <testcase classname="Tests.LoginTest" name="loginTest" time="5.401"/>
  <system-out/>
  <testcase classname="Tests.LoginTest" name="loginTest" time="0.487"/>
  <system-out/>
  <testcase classname="Tests.LoginTest" name="loginEmpty" time="0.354"/>
  <system-out/>
</testsuite> <!-- Tests.LoginTest -->
