<?xml version="1.0" encoding="UTF-8"?>
<!-- Generated by org.testng.reporters.JUnitReportReporter -->
<testsuite hostname="DESKTOP-5KEI47M" failures="0" tests="4" name="Tests.Scenario1_2" time="29.306" errors="0" timestamp="2023-11-02T00:35:18 EET" skipped="0">
  <testcase classname="Tests.Scenario1_2" name="loginTest" time="3.447"/>
  <system-out/>
  <testcase classname="Tests.Scenario1_2" name="goToAddSegment" time="7.215"/>
  <system-out/>
  <testcase classname="Tests.Scenario1_2" name="verifyAddedSegment" time="9.979"/>
  <system-out/>
  <testcase classname="Tests.Scenario1_2" name="deleteAndVerifyThatTheSegmentIsDeleted" time="8.665"/>
  <system-out/>
</testsuite> <!-- Tests.Scenario1_2 -->
