<?xml version="1.0" encoding="UTF-8"?>
<!-- Generated by org.testng.reporters.JUnitReportReporter -->
<testsuite hostname="DESKTOP-5KEI47M" failures="0" tests="3" name="Tests.Scenario1" time="19.811" errors="0" timestamp="2023-11-01T22:47:14 EET" skipped="0">
  <testcase classname="Tests.Scenario1" name="loginTest" time="3.307"/>
  <system-out/>
  <testcase classname="Tests.Scenario1" name="goToAddSegment" time="7.155"/>
  <system-out/>
  <testcase classname="Tests.Scenario1" name="VerifyAddedSegment" time="9.349"/>
  <system-out/>
</testsuite> <!-- Tests.Scenario1 -->
